i: 22014
Dig: 4
Dig: 1
Dig: 0
Dig: 2
Dig: 2
i: 22015
Dig: 5
Dig: 1
Dig: 0
Dig: 2
Dig: 2
i: 22016
Dig: 6
Dig: 1
Dig: 0
Dig: 2
Dig: 2
i: 22017
Dig: 7
Dig: 1
Dig: 0
Dig: 2
Dig: 2
i: 22018
Dig: 8
Dig: 1
Dig: 0
Dig: 2
Dig: 2
i: 22019
Dig: 9
Dig: 1
Dig: 0
Dig: 2
Dig: 2
i: 22020
Dig: 0
Dig: 2
Dig: 0
i: 22021
Dig: 1
Dig: 2
Dig: 0
Dig: 2
i: 22022
Dig: 2
Dig: 2
i: 22023
Dig: 3
Dig: 2
Dig: 0
Dig: 2
i: 22024
Dig: 4
Dig: 2
Dig: 0
Dig: 2
i: 22025
Dig: 5
Dig: 2
Dig: 0
Dig: 2
i: 22026
Dig: 6
Dig: 2
Dig: 0
Dig: 2
i: 22027
Dig: 7
Dig: 2
Dig: 0
Dig: 2
i: 22028
Dig: 8
Dig: 2
Dig: 0
Dig: 2
i: 22029
Dig: 9
Dig: 2
Dig: 0
Dig: 2
i: 22030
Dig: 0
Dig: 3
Dig: 0
i: 22031
Dig: 1
Dig: 3
Dig: 0
Dig: 2
Dig: 2
i: 22032
Dig: 2
Dig: 3
Dig: 0
Dig: 2
i: 22033
Dig: 3
Dig: 3
i: 22034
Dig: 4
Dig: 3
Dig: 0
Dig: 2
Dig: 2
i: 22035
Dig: 5
Dig: 3
Dig: 0
Dig: 2
Dig: 2
i: 22036
Dig: 6
Dig: 3
Dig: 0
Dig: 2
Dig: 2
i: 22037
Dig: 7
Dig: 3
Dig: 0
Dig: 2
Dig: 2
i: 22038
Dig: 8
Dig: 3
Dig: 0
Dig: 2
Dig: 2
i: 22039
Dig: 9
Dig: 3
Dig: 0
Dig: 2
Dig: 2
i: 22040
Dig: 0
Dig: 4
Dig: 0
i: 22041
Dig: 1
Dig: 4
Dig: 0
Dig: 2
Dig: 2
i: 22042
Dig: 2
Dig: 4
Dig: 0
Dig: 2
i: 22043
Dig: 3
Dig: 4
Dig: 0
Dig: 2
Dig: 2
i: 22044
Dig: 4
Dig: 4
i: 22045
Dig: 5
Dig: 4
Dig: 0
Dig: 2
Dig: 2
i: 22046
Dig: 6
Dig: 4
Dig: 0
Dig: 2
Dig: 2
i: 22047
Dig: 7
Dig: 4
Dig: 0
Dig: 2
Dig: 2
i: 22048
Dig: 8
Dig: 4
Dig: 0
Dig: 2
Dig: 2
i: 22049
Dig: 9
Dig: 4
Dig: 0
Dig: 2
Dig: 2
i: 22050
Dig: 0
Dig: 5
Dig: 0
i: 22051
Dig: 1
Dig: 5
Dig: 0
Dig: 2
Dig: 2
i: 22052
Dig: 2
Dig: 5
Dig: 0
Dig: 2
i: 22053
Dig: 3
Dig: 5
Dig: 0
Dig: 2
Dig: 2
i: 22054
Dig: 4
Dig: 5
Dig: 0
Dig: 2
Dig: 2
i: 22055
Dig: 5
Dig: 5
i: 22056
Dig: 6
Dig: 5
Dig: 0
Dig: 2
Dig: 2
i: 22057
Dig: 7
Dig: 5
Dig: 0
Dig: 2
Dig: 2
i: 22058
Dig: 8
Dig: 5
Dig: 0
Dig: 2
Dig: 2
i: 22059
Dig: 9
Dig: 5
Dig: 0
Dig: 2
Dig: 2
i: 22060
Dig: 0
Dig: 6
Dig: 0
i: 22061
Dig: 1
Dig: 6
Dig: 0
Dig: 2
Dig: 2
i: 22062
Dig: 2
Dig: 6
Dig: 0
Dig: 2
i: 22063
Dig: 3
Dig: 6
Dig: 0
Dig: 2
Dig: 2
i: 22064
Dig: 4
Dig: 6
Dig: 0
Dig: 2
Dig: 2
i: 22065
Dig: 5
Dig: 6
Dig: 0
Dig: 2
Dig: 2
i: 22066
Dig: 6
Dig: 6
i: 22067
Dig: 7
Dig: 6
Dig: 0
Dig: 2
Dig: 2
i: 22068
Dig: 8
Dig: 6
Dig: 0
Dig: 2
Dig: 2
i: 22069
Dig: 9
Dig: 6
Dig: 0
Dig: 2
Dig: 2
i: 22070
Dig: 0
Dig: 7
Dig: 0
i: 22071
Dig: 1
Dig: 7
Dig: 0
Dig: 2
Dig: 2
i: 22072
Dig: 2
Dig: 7
Dig: 0
Dig: 2
i: 22073
Dig: 3
Dig: 7
Dig: 0
Dig: 2
Dig: 2
i: 22074
Dig: 4
Dig: 7
Dig: 0
Dig: 2
Dig: 2
i: 22075
Dig: 5
Dig: 7
Dig: 0
Dig: 2
Dig: 2
i: 22076
Dig: 6
Dig: 7
Dig: 0
Dig: 2
Dig: 2
i: 22077
Dig: 7
Dig: 7
i: 22078
Dig: 8
Dig: 7
Dig: 0
Dig: 2
Dig: 2
i: 22079
Dig: 9
Dig: 7
Dig: 0
Dig: 2
Dig: 2
i: 22080
Dig: 0
Dig: 8
Dig: 0
i: 22081
Dig: 1
Dig: 8
Dig: 0
Dig: 2
Dig: 2
i: 22082
Dig: 2
Dig: 8
Dig: 0
Dig: 2
i: 22083
Dig: 3
Dig: 8
Dig: 0
Dig: 2
Dig: 2
i: 22084
Dig: 4
Dig: 8
Dig: 0
Dig: 2
Dig: 2
i: 22085
Dig: 5
Dig: 8
Dig: 0
Dig: 2
Dig: 2
i: 22086
Dig: 6
Dig: 8
Dig: 0
Dig: 2
Dig: 2
i: 22087
Dig: 7
Dig: 8
Dig: 0
Dig: 2
Dig: 2
i: 22088
Dig: 8
Dig: 8
i: 22089
Dig: 9
Dig: 8
Dig: 0
Dig: 2
Dig: 2
i: 22090
Dig: 0
Dig: 9
Dig: 0
i: 22091
Dig: 1
Dig: 9
Dig: 0
Dig: 2
Dig: 2
i: 22092
Dig: 2
Dig: 9
Dig: 0
Dig: 2
i: 22093
Dig: 3
Dig: 9
Dig: 0
Dig: 2
Dig: 2
i: 22094
Dig: 4
Dig: 9
Dig: 0
Dig: 2
Dig: 2
i: 22095
Dig: 5
Dig: 9
Dig: 0
Dig: 2
Dig: 2
i: 22096
Dig: 6
Dig: 9
Dig: 0
Dig: 2
Dig: 2
i: 22097
Dig: 7
Dig: 9
Dig: 0
Dig: 2
Dig: 2
i: 22098
Dig: 8
Dig: 9
Dig: 0
Dig: 2
Dig: 2
i: 22099
Dig: 9
Dig: 9
i: 22100
Dig: 0
Dig: 0
i: 22101
Dig: 1
Dig: 0
Dig: 1
i: 22102
Dig: 2
Dig: 0
Dig: 1
Dig: 2
i: 22103
Dig: 3
Dig: 0
Dig: 1
Dig: 2
Dig: 2
i: 22104
Dig: 4
Dig: 0
Dig: 1
Dig: 2
Dig: 2
i: 22105
Dig: 5
Dig: 0
Dig: 1
Dig: 2
Dig: 2
i: 22106
Dig: 6
Dig: 0
Dig: 1
Dig: 2
Dig: 2
i: 22107
Dig: 7
Dig: 0
Dig: 1
Dig: 2
Dig: 2
i: 22108
Dig: 8
Dig: 0
Dig: 1
Dig: 2
Dig: 2
i: 22109
Dig: 9
Dig: 0
Dig: 1
Dig: 2
Dig: 2
i: 22110
Dig: 0
Dig: 1
Dig: 1
i: 22111
Dig: 1
Dig: 1
i: 22112
Dig: 2
Dig: 1
Dig: 1
i: 22113
Dig: 3
Dig: 1
Dig: 1
i: 22114
Dig: 4
Dig: 1
Dig: 1
i: 22115
Dig: 5
Dig: 1
Dig: 1
i: 22116
Dig: 6
Dig: 1
Dig: 1
i: 22117
Dig: 7
Dig: 1
Dig: 1
i: 22118
Dig: 8
Dig: 1
Dig: 1
i: 22119
Dig: 9
Dig: 1
Dig: 1
i: 22120
Dig: 0
Dig: 2
Dig: 1
Dig: 2
i: 22121
Dig: 1
Dig: 2
Dig: 1
i: 22122
Dig: 2
Dig: 2
i: 22123
Dig: 3
Dig: 2
Dig: 1
Dig: 2
i: 22124
Dig: 4
Dig: 2
Dig: 1
Dig: 2
i: 22125
Dig: 5
Dig: 2
Dig: 1
Dig: 2
i: 22126
Dig: 6
Dig: 2
Dig: 1
Dig: 2
i: 22127
Dig: 7
Dig: 2
Dig: 1
Dig: 2
i: 22128
Dig: 8
Dig: 2
Dig: 1
Dig: 2
i: 22129
Dig: 9
Dig: 2
Dig: 1
Dig: 2
i: 22130
Dig: 0
Dig: 3
Dig: 1
Dig: 2
Dig: 2
i: 22131
Dig: 1
Dig: 3
Dig: 1
i: 22132
Dig: 2
Dig: 3
Dig: 1
Dig: 2
i: 22133
Dig: 3
Dig: 3
i: 22134
Dig: 4
Dig: 3
Dig: 1
Dig: 2
Dig: 2
i: 22135
Dig: 5
Dig: 3
Dig: 1
Dig: 2
Dig: 2
i: 22136
Dig: 6
Dig: 3
Dig: 1
Dig: 2
Dig: 2
i: 22137
Dig: 7
Dig: 3
Dig: 1
Dig: 2
Dig: 2
i: 22138
Dig: 8
Dig: 3
Dig: 1
Dig: 2
Dig: 2
i: 22139
Dig: 9
Dig: 3
Dig: 1
Dig: 2
Dig: 2
i: 22140
Dig: 0
Dig: 4
Dig: 1
Dig: 2
Dig: 2
i: 22141
Dig: 1
Dig: 4
Dig: 1
i: 22142
Dig: 2
Dig: 4
Dig: 1
Dig: 2
i: 22143
Dig: 3
Dig: 4
Dig: 1
Dig: 2
Dig: 2
i: 22144
Dig: 4
Dig: 4
i: 22145
Dig: 5
Dig: 4
Dig: 1
Dig: 2
Dig: 2
i: 22146
Dig: 6
Dig: 4
Dig: 1
Dig: 2
Dig: 2
i: 22147
Dig: 7
Dig: 4
Dig: 1
Dig: 2
Dig: 2
i: 22148
Dig: 8
Dig: 4
Dig: 1
Dig: 2
Dig: 2
i: 22149
Dig: 9
Dig: 4
Dig: 1
Dig: 2
Dig: 2
i: 22150
Dig: 0
Dig: 5
Dig: 1
Dig: 2
Dig: 2
i: 22151
Dig: 1
Dig: 5
Dig: 1
i: 22152
Dig: 2
Dig: 5
Dig: 1
Dig: 2
i: 22153
Dig: 3
Dig: 5
Dig: 1
Dig: 2
Dig: 2
i: 22154
Dig: 4
Dig: 5
Dig: 1
Dig: 2
Dig: 2
i: 22155
Dig: 5
Dig: 5
i: 22156
Dig: 6
Dig: 5
Dig: 1
Dig: 2
Dig: 2
i: 22157
Dig: 7
Dig: 5
Dig: 1
Dig: 2
Dig: 2
i: 22158
Dig: 8
Dig: 5
Dig: 1
Dig: 2
Dig: 2
i: 22159
Dig: 9
Dig: 5
Dig: 1
Dig: 2
Dig: 2
i: 22160
Dig: 0
Dig: 6
Dig: 1
Dig: 2
Dig: 2
i: 22161
Dig: 1
Dig: 6
Dig: 1
i: 22162
Dig: 2
Dig: 6
Dig: 1
Dig: 2
i: 22163
Dig: 3
Dig: 6
Dig: 1
Dig: 2
Dig: 2
i: 22164
Dig: 4
Dig: 6
Dig: 1
Dig: 2
Dig: 2
i: 22165
Dig: 5
Dig: 6
Dig: 1
Dig: 2
Dig: 2
i: 22166
Dig: 6
Dig: 6
i: 22167
Dig: 7
Dig: 6
Dig: 1
Dig: 2
Dig: 2
i: 22168
Dig: 8
Dig: 6
Dig: 1
Dig: 2
Dig: 2
i: 22169
Dig: 9
Dig: 6
Dig: 1
Dig: 2
Dig: 2
i: 22170
Dig: 0
Dig: 7
Dig: 1
Dig: 2
Dig: 2
i: 22171
Dig: 1
Dig: 7
Dig: 1
i: 22172
Dig: 2
Dig: 7
Dig: 1
Dig: 2
i: 22173
Dig: 3
Dig: 7
Dig: 1
Dig: 2
Dig: 2
i: 22174
Dig: 4
Dig: 7
Dig: 1
Dig: 2
Dig: 2
i: 22175
Dig: 5
Dig: 7
Dig: 1
Dig: 2
Dig: 2
i: 22176
Dig: 6
Dig: 7
Dig: 1
Dig: 2
Dig: 2
i: 22177
Dig: 7
Dig: 7
i: 22178
Dig: 8
Dig: 7
Dig: 1
Dig: 2
Dig: 2
i: 22179
Dig: 9
Dig: 7
Dig: 1
Dig: 2
Dig: 2
i: 22180
Dig: 0
Dig: 8
Dig: 1
Dig: 2
Dig: 2
i: 22181
Dig: 1
Dig: 8
Dig: 1
i: 22182
Dig: 2
Dig: 8
Dig: 1
Dig: 2
i: 22183
Dig: 3
Dig: 8
Dig: 1
Dig: 2
Dig: 2
i: 22184
Dig: 4
Dig: 8
Dig: 1
Dig: 2
Dig: 2
i: 22185
Dig: 5
Dig: 8
Dig: 1
Dig: 2
Dig: 2
i: 22186
Dig: 6
Dig: 8
Dig: 1
Dig: 2
Dig: 2
i: 22187
Dig: 7
Dig: 8
Dig: 1
Dig: 2
Dig: 2
i: 22188
Dig: 8
Dig: 8
i: 22189
Dig: 9
Dig: 8
Dig: 1
Dig: 2
Dig: 2
i: 22190
Dig: 0
Dig: 9
Dig: 1
Dig: 2
Dig: 2
i: 22191
Dig: 1
Dig: 9
Dig: 1
i: 22192
Dig: 2
Dig: 9
Dig: 1
Dig: 2
i: 22193
Dig: 3
Dig: 9
Dig: 1
Dig: 2
Dig: 2
i: 22194
Dig: 4
Dig: 9
Dig: 1
Dig: 2
Dig: 2
i: 22195
Dig: 5
Dig: 9
Dig: 1
Dig: 2
Dig: 2
i: 22196
Dig: 6
Dig: 9
Dig: 1
Dig: 2
Dig: 2
i: 22197
Dig: 7
Dig: 9
Dig: 1
Dig: 2
Dig: 2
i: 22198
Dig: 8
Dig: 9
Dig: 1
Dig: 2
Dig: 2
i: 22199
Dig: 9
Dig: 9
i: 22200
Dig: 0
Dig: 0
i: 22201
Dig: 1
Dig: 0
Dig: 2
Dig: 2
i: 22202
Dig: 2
Dig: 0
Dig: 2
i: 22203
Dig: 3
Dig: 0
Dig: 2
Dig: 2
i: 22204
Dig: 4
Dig: 0
Dig: 2
Dig: 2
i: 22205
Dig: 5
Dig: 0
Dig: 2
Dig: 2
i: 22206
Dig: 6
Dig: 0
Dig: 2
Dig: 2
i: 22207
Dig: 7
Dig: 0
Dig: 2
Dig: 2
i: 22208
Dig: 8
Dig: 0
Dig: 2
Dig: 2
i: 22209
Dig: 9
Dig: 0
Dig: 2
Dig: 2
i: 22210
Dig: 0
Dig: 1
Dig: 2
Dig: 2
i: 22211
Dig: 1
Dig: 1
i: 22212
Dig: 2
Dig: 1
Dig: 2
i: 22213
Dig: 3
Dig: 1
Dig: 2
Dig: 2
i: 22214
Dig: 4
Dig: 1
Dig: 2
Dig: 2
i: 22215
Dig: 5
Dig: 1
Dig: 2
Dig: 2
i: 22216
Dig: 6
Dig: 1
Dig: 2
Dig: 2
i: 22217
Dig: 7
Dig: 1
Dig: 2
Dig: 2
i: 22218
Dig: 8
Dig: 1
Dig: 2
Dig: 2
i: 22219
Dig: 9
Dig: 1
Dig: 2
Dig: 2
i: 22220
Dig: 0
Dig: 2
Dig: 2
i: 22221
Dig: 1
Dig: 2
Dig: 2
i: 22222
Dig: 2
Dig: 2
i: 22223
Dig: 3
Dig: 2
Dig: 2
i: 22224
Dig: 4
Dig: 2
Dig: 2
i: 22225
Dig: 5
Dig: 2
Dig: 2
i: 22226
Dig: 6
Dig: 2
Dig: 2
i: 22227
Dig: 7
Dig: 2
Dig: 2
i: 22228
Dig: 8
Dig: 2
Dig: 2
i: 22229
Dig: 9
Dig: 2
Dig: 2
i: 22230
Dig: 0
Dig: 3
Dig: 2
Dig: 2
i: 22231
Dig: 1
Dig: 3
Dig: 2
Dig: 2
i: 22232
Dig: 2
Dig: 3
Dig: 2
i: 22233
Dig: 3
Dig: 3
i: 22234
Dig: 4
Dig: 3
Dig: 2
Dig: 2
i: 22235
Dig: 5
Dig: 3
Dig: 2
Dig: 2
i: 22236
Dig: 6
Dig: 3
Dig: 2
Dig: 2
i: 22237
Dig: 7
Dig: 3
Dig: 2
Dig: 2
i: 22238
Dig: 8
Dig: 3
Dig: 2
Dig: 2
i: 22239
Dig: 9
Dig: 3
Dig: 2
Dig: 2
i: 22240
Dig: 0
Dig: 4
Dig: 2
Dig: 2
i: 22241
Dig: 1
Dig: 4
Dig: 2
Dig: 2
i: 22242
Dig: 2
Dig: 4
Dig: 2
i: 22243
Dig: 3
Dig: 4
Dig: 2
Dig: 2
i: 22244
Dig: 4
Dig: 4
i: 22245
Dig: 5
Dig: 4
Dig: 2
Dig: 2
i: 22246
Dig: 6
Dig: 4
Dig: 2
Dig: 2
i: 22247
Dig: 7
Dig: 4
Dig: 2
Dig: 2
i: 22248
Dig: 8
Dig: 4
Dig: 2
Dig: 2
i: 22249
Dig: 9
Dig: 4
Dig: 2
Dig: 2
i: 22250
Dig: 0
Dig: 5
Dig: 2
Dig: 2
i: 22251
Dig: 1
Dig: 5
Dig: 2
Dig: 2
i: 22252
Dig: 2
Dig: 5
Dig: 2
i: 22253
Dig: 3
Dig: 5
Dig: 2
Dig: 2
i: 22254
Dig: 4
Dig: 5
Dig: 2
Dig: 2
i: 22255
Dig: 5
Dig: 5
i: 22256
Dig: 6
Dig: 5
Dig: 2
Dig: 2
i: 22257
Dig: 7
Dig: 5
Dig: 2
Dig: 2
i: 22258
Dig: 8
Dig: 5
Dig: 2
Dig: 2
i: 22259
Dig: 9
Dig: 5
Dig: 2
Dig: 2
i: 22260
Dig: 0
Dig: 6
Dig: 2
Dig: 2
i: 22261
Dig: 1
Dig: 6
Dig: 2
Dig: 2
i: 22262
Dig: 2
Dig: 6
Dig: 2
i: 22263
Dig: 3
Dig: 6
Dig: 2
Dig: 2
i: 22264
Dig: 4
Dig: 6
Dig: 2
Dig: 2
i: 22265
Dig: 5
Dig: 6
Dig: 2
Dig: 2
i: 22266
Dig: 6
Dig: 6
i: 22267
Dig: 7
Dig: 6
Dig: 2
Dig: 2
i: 22268
Dig: 8
Dig: 6
Dig: 2
Dig: 2
i: 22269
Dig: 9
Dig: 6
Dig: 2
Dig: 2
i: 22270
Dig: 0
Dig: 7
Dig: 2
Dig: 2
i: 22271
Dig: 1
Dig: 7
Dig: 2
Dig: 2
i: 22272
Dig: 2
Dig: 7
Dig: 2
i: 22273
Dig: 3
Dig: 7
Dig: 2
Dig: 2
i: 22274
Dig: 4
Dig: 7
Dig: 2
Dig: 2
i: 22275
Dig: 5
Dig: 7
Dig: 2
Dig: 2
i: 22276
Dig: 6
Dig: 7
Dig: 2
Dig: 2
i: 22277
Dig: 7
Dig: 7
i: 22278
Dig: 8
Dig: 7
Dig: 2
Dig: 2
i: 22279
Dig: 9
Dig: 7
Dig: 2
Dig: 2
i: 22280
Dig: 0
Dig: 8
Dig: 2
Dig: 2
i: 22281
Dig: 1
Dig: 8
Dig: 2
Dig: 2
i: 22282
Dig: 2
Dig: 8
Dig: 2
i: 22283
Dig: 3
Dig: 8
Dig: 2
Dig: 2
i: 22284
Dig: 4
Dig: 8
Dig: 2
Dig: 2
i: 22285
Dig: 5
Dig: 8
Dig: 2
Dig: 2
i: 22286
Dig: 6
Dig: 8
Dig: 2
Dig: 2
i: 22287
Dig: 7
Dig: 8
Dig: 2
Dig: 2
i: 22288
Dig: 8
Dig: 8
i: 22289
Dig: 9
Dig: 8
Dig: 2
Dig: 2
i: 22290
Dig: 0
Dig: 9
Dig: 2
Dig: 2
i: 22291
Dig: 1
Dig: 9
Dig: 2
Dig: 2
i: 22292
Dig: 2
Dig: 9
Dig: 2
i: 22293
Dig: 3
Dig: 9
Dig: 2
Dig: 2
i: 22294
Dig: 4
Dig: 9
Dig: 2
Dig: 2
i: 22295
Dig: 5
Dig: 9
Dig: 2
Dig: 2
i: 22296
Dig: 6
Dig: 9
Dig: 2
Dig: 2
i: 22297
Dig: 7
Dig: 9
Dig: 2
Dig: 2
i: 22298
Dig: 8
Dig: 9
Dig: 2
Dig: 2
i: 22299
Dig: 9
Dig: 9
i: 22300
Dig: 0
Dig: 0
i: 22301
Dig: 1
Dig: 0
Dig: 3
Dig: 2
Dig: 2
i: 22302
Dig: 2
Dig: 0
Dig: 3
Dig: 2
i: 22303
Dig: 3
Dig: 0
Dig: 3
i: 22304
Dig: 4
Dig: 0
Dig: 3
Dig: 2
Dig: 2
i: 22305
Dig: 5
Dig: 0
Dig: 3
Dig: 2
Dig: 2
i: 22306
Dig: 6
Dig: 0
Dig: 3
Dig: 2
Dig: 2
i: 22307
Dig: 7
Dig: 0
Dig: 3
Dig: 2
Dig: 2
i: 22308
Dig: 8
Dig: 0
Dig: 3
Dig: 2
Dig: 2
i: 22309
Dig: 9
Dig: 0
Dig: 3
Dig: 2
Dig: 2
i: 22310
Dig: 0
Dig: 1
Dig: 3
Dig: 2
Dig: 2
i: 22311
Dig: 1
Dig: 1
i: 22312
Dig: 2
Dig: 1
Dig: 3
Dig: 2
i: 22313
Dig: 3
Dig: 1
Dig: 3
i: 22314
Dig: 4
Dig: 1
Dig: 3
Dig: 2
Dig: 2
i: 22315
Dig: 5
Dig: 1
Dig: 3
Dig: 2
Dig: 2
i: 22316
Dig: 6
Dig: 1
Dig: 3
Dig: 2
Dig: 2
i: 22317
Dig: 7
Dig: 1
Dig: 3
Dig: 2
Dig: 2
i: 22318
Dig: 8
Dig: 1
Dig: 3
Dig: 2
Dig: 2
i: 22319
Dig: 9
Dig: 1
Dig: 3
Dig: 2
Dig: 2
i: 22320
Dig: 0
Dig: 2
Dig: 3
Dig: 2
i: 22321
Dig: 1
Dig: 2
Dig: 3
Dig: 2
i: 22322
Dig: 2
Dig: 2
i: 22323
Dig: 3
Dig: 2
Dig: 3
i: 22324
Dig: 4
Dig: 2
Dig: 3
Dig: 2
i: 22325
Dig: 5
Dig: 2
Dig: 3
Dig: 2
i: 22326
Dig: 6
Dig: 2
Dig: 3
Dig: 2
i: 22327
Dig: 7
Dig: 2
Dig: 3
Dig: 2
i: 22328
Dig: 8
Dig: 2
Dig: 3
Dig: 2
i: 22329
Dig: 9
Dig: 2
Dig: 3
Dig: 2
i: 22330
Dig: 0
Dig: 3
Dig: 3
i: 22331
Dig: 1
Dig: 3
Dig: 3
i: 22332
Dig: 2
Dig: 3
Dig: 3
i: 22333
Dig: 3
Dig: 3
i: 22334
Dig: 4
Dig: 3
Dig: 3
i: 22335
Dig: 5
Dig: 3
Dig: 3
i: 22336
Dig: 6
Dig: 3
Dig: 3
i: 22337
Dig: 7
Dig: 3
Dig: 3
i: 22338
Dig: 8
Dig: 3
Dig: 3
i: 22339
Dig: 9
Dig: 3
Dig: 3
i: 22340
Dig: 0
Dig: 4
Dig: 3
Dig: 2
Dig: 2
i: 22341
Dig: 1
Dig: 4
Dig: 3
Dig: 2
Dig: 2
i: 22342
Dig: 2
Dig: 4
Dig: 3
Dig: 2
i: 22343
Dig: 3
Dig: 4
Dig: 3
i: 22344
Dig: 4
Dig: 4
i: 22345
Dig: 5
Dig: 4
Dig: 3
Dig: 2
Dig: 2
i: 22346
Dig: 6
Dig: 4
Dig: 3
Dig: 2
Dig: 2
i: 22347
Dig: 7
Dig: 4
Dig: 3
Dig: 2
Dig: 2
i: 22348
Dig: 8
Dig: 4
Dig: 3
Dig: 2
Dig: 2
i: 22349
Dig: 9
Dig: 4
Dig: 3
Dig: 2
Dig: 2
i: 22350
Dig: 0
Dig: 5
Dig: 3
Dig: 2
Dig: 2
i: 22351
Dig: 1
Dig: 5
Dig: 3
Dig: 2
Dig: 2
i: 22352
Dig: 2
Dig: 5
Dig: 3
Dig: 2
i: 22353
Dig: 3
Dig: 5
Dig: 3
i: 22354
Dig: 4
Dig: 5
Dig: 3
Dig: 2
Dig: 2
i: 22355
Dig: 5
Dig: 5
i: 22356
Dig: 6
Dig: 5
Dig: 3
Dig: 2
Dig: 2
i: 22357
Dig: 7
Dig: 5
Dig: 3
Dig: 2
Dig: 2
i: 22358
Dig: 8
Dig: 5
Dig: 3
Dig: 2
Dig: 2
i: 22359
Dig: 9
Dig: 5
Dig: 3
Dig: 2
Dig: 2
i: 22360
Dig: 0
Dig: 6
Dig: 3
Dig: 2
Dig: 2
i: 22361
Dig: 1
Dig: 6
Dig: 3
Dig: 2
Dig: 2
i: 22362
Dig: 2
Dig: 6
Dig: 3
Dig: 2
i: 22363
Dig: 3
Dig: 6
Dig: 3
i: 22364
Dig: 4
Dig: 6
Dig: 3
Dig: 2
Dig: 2
i: 22365
Dig: 5
Dig: 6
Dig: 3
Dig: 2
Dig: 2
i: 22366
Dig: 6
Dig: 6
i: 22367
Dig: 7
Dig: 6
Dig: 3
Dig: 2
Dig: 2
i: 22368
Dig: 8
Dig: 6
Dig: 3
Dig: 2
Dig: 2
i: 22369
Dig: 9
Dig: 6
Dig: 3
Dig: 2
Dig: 2
i: 22370
Dig: 0
Dig: 7
Dig: 3
Dig: 2
Dig: 2
i: 22371
Dig: 1
Dig: 7
Dig: 3
Dig: 2
Dig: 2
i: 22372
Dig: 2
Dig: 7
Dig: 3
Dig: 2
i: 22373
Dig: 3
Dig: 7
Dig: 3
i: 22374
Dig: 4
Dig: 7
Dig: 3
Dig: 2
Dig: 2
i: 22375
Dig: 5
Dig: 7
Dig: 3
Dig: 2
Dig: 2
i: 22376
Dig: 6
Dig: 7
Dig: 3
Dig: 2
Dig: 2
i: 22377
Dig: 7
Dig: 7
i: 22378
Dig: 8
Dig: 7
Dig: 3
Dig: 2
Dig: 2
i: 22379
Dig: 9
Dig: 7
Dig: 3
Dig: 2
Dig: 2
i: 22380
Dig: 0
Dig: 8
Dig: 3
Dig: 2
Dig: 2
i: 22381
Dig: 1
Dig: 8
Dig: 3
Dig: 2
Dig: 2
i: 22382
Dig: 2
Dig: 8
Dig: 3
Dig: 2
i: 22383
Dig: 3
Dig: 8
Dig: 3
i: 22384
Dig: 4
Dig: 8
Dig: 3
Dig: 2
Dig: 2
i: 22385
Dig: 5
Dig: 8
Dig: 3
Dig: 2
Dig: 2
i: 22386
Dig: 6
Dig: 8
Dig: 3
Dig: 2
Dig: 2
i: 22387
Dig: 7
Dig: 8
Dig: 3
Dig: 2
Dig: 2
i: 22388
Dig: 8
Dig: 8
i: 22389
Dig: 9
Dig: 8
Dig: 3
Dig: 2
Dig: 2
i: 22390
Dig: 0
Dig: 9
Dig: 3
Dig: 2
Dig: 2
i: 22391
Dig: 1
Dig: 9
Dig: 3
Dig: 2
Dig: 2
i: 22392
Dig: 2
Dig: 9
Dig: 3
Dig: 2
i: 22393
Dig: 3
Dig: 9
Dig: 3
i: 22394
Dig: 4
Dig: 9
Dig: 3
Dig: 2
Dig: 2
i: 22395
Dig: 5
Dig: 9
Dig: 3
Dig: 2
Dig: 2
i: 22396
Dig: 6
Dig: 9
Dig: 3
Dig: 2
Dig: 2
i: 22397
Dig: 7
Dig: 9
Dig: 3
Dig: 2
Dig: 2
i: 22398
Dig: 8
Dig: 9
Dig: 3
Dig: 2
Dig: 2
i: 22399
Dig: 9
Dig: 9
i: 22400
Dig: 0
Dig: 0
i: 22401
Dig: 1
Dig: 0
Dig: 4
Dig: 2
Dig: 2
i: 22402
Dig: 2
Dig: 0
Dig: 4
Dig: 2
i: 22403
Dig: 3
Dig: 0
Dig: 4
Dig: 2
Dig: 2
i: 22404
Dig: 4
Dig: 0
Dig: 4
i: 22405
Dig: 5
Dig: 0
Dig: 4
Dig: 2
Dig: 2
i: 22406
Dig: 6
Dig: 0
Dig: 4
Dig: 2
Dig: 2
i: 22407
Dig: 7
Dig: 0
Dig: 4
Dig: 2
Dig: 2
i: 22408
Dig: 8
Dig: 0
Dig: 4
Dig: 2
Dig: 2
i: 22409
Dig: 9
Dig: 0
Dig: 4
Dig: 2
Dig: 2
i: 22410
Dig: 0
Dig: 1
Dig: 4
Dig: 2
Dig: 2
i: 22411
Dig: 1
Dig: 1
i: 22412
Dig: 2
Dig: 1
Dig: 4
Dig: 2
i: 22413
Dig: 3
Dig: 1
Dig: 4
Dig: 2
Dig: 2
i: 22414
Dig: 4
Dig: 1
Dig: 4
i: 22415
Dig: 5
Dig: 1
Dig: 4
Dig: 2
Dig: 2
i: 22416
Dig: 6
Dig: 1
Dig: 4
Dig: 2
Dig: 2
i: 22417
Dig: 7
Dig: 1
Dig: 4
Dig: 2
Dig: 2
i: 22418
Dig: 8
Dig: 1
Dig: 4
Dig: 2
Dig: 2
i: 22419
Dig: 9
Dig: 1
Dig: 4
Dig: 2
Dig: 2
i: 22420
Dig: 0
Dig: 2
Dig: 4
Dig: 2
i: 22421
Dig: 1
Dig: 2
Dig: 4
Dig: 2
i: 22422
Dig: 2
Dig: 2
i: 22423
Dig: 3
Dig: 2
Dig: 4
Dig: 2
i: 22424
Dig: 4
Dig: 2
Dig: 4
i: 22425
Dig: 5
Dig: 2
Dig: 4
Dig: 2
i: 22426
Dig: 6
Dig: 2
Dig: 4
Dig: 2
i: 22427
Dig: 7
Dig: 2
Dig: 4
Dig: 2
i: 22428
Dig: 8
Dig: 2
Dig: 4
Dig: 2
i: 22429
Dig: 9
Dig: 2
Dig: 4
Dig: 2
i: 22430
Dig: 0
Dig: 3
Dig: 4
Dig: 2
Dig: 2
i: 22431
Dig: 1
Dig: 3
Dig: 4
Dig: 2
Dig: 2
i: 22432
Dig: 2
Dig: 3
Dig: 4
Dig: 2
i: 22433
Dig: 3
Dig: 3
i: 22434
Dig: 4
Dig: 3
Dig: 4
i: 22435
Dig: 5
Dig: 3
Dig: 4
Dig: 2
Dig: 2
i: 22436
Dig: 6
Dig: 3
Dig: 4
Dig: 2
Dig: 2
i: 22437
Dig: 7
Dig: 3
Dig: 4
Dig: 2
Dig: 2
i: 22438
Dig: 8
Dig: 3
Dig: 4
Dig: 2
Dig: 2
i: 22439
Dig: 9
Dig: 3
Dig: 4
Dig: 2
Dig: 2
i: 22440
Dig: 0
Dig: 4
Dig: 4
i: 22441
Dig: 1
Dig: 4
Dig: 4
i: 22442
Dig: 2
Dig: 4
Dig: 4
i: 22443
Dig: 3
Dig: 4
Dig: 4
i: 22444
Dig: 4
Dig: 4
i: 22445
Dig: 5
Dig: 4
Dig: 4
i: 22446
Dig: 6
Dig: 4
Dig: 4
i: 22447
Dig: 7
Dig: 4
Dig: 4
i: 22448
Dig: 8
Dig: 4
Dig: 4
i: 22449
Dig: 9
Dig: 4
Dig: 4
i: 22450
Dig: 0
Dig: 5
Dig: 4
Dig: 2
Dig: 2
i: 22451
Dig: 1
Dig: 5
Dig: 4
Dig: 2
Dig: 2
i: 22452
Dig: 2
Dig: 5
Dig: 4
Dig: 2
i: 22453
Dig: 3
Dig: 5
Dig: 4
Dig: 2
Dig: 2
i: 22454
Dig: 4
Dig: 5
Dig: 4
i: 22455
Dig: 5
Dig: 5
i: 22456
Dig: 6
Dig: 5
Dig: 4
Dig: 2
Dig: 2
i: 22457
Dig: 7
Dig: 5
Dig: 4
Dig: 2
Dig: 2
i: 22458
Dig: 8
Dig: 5
Dig: 4
Dig: 2
Dig: 2
i: 22459
Dig: 9
Dig: 5
Dig: 4
Dig: 2
Dig: 2
i: 22460
Dig: 0
Dig: 6
Dig: 4
Dig: 2
Dig: 2
i: 22461
Dig: 1
Dig: 6
Dig: 4
Dig: 2
Dig: 2
i: 22462
Dig: 2
Dig: 6
Dig: 4
Dig: 2
i: 22463
Dig: 3
Dig: 6
Dig: 4
Dig: 2
Dig: 2
i: 22464
Dig: 4
Dig: 6
Dig: 4
i: 22465
Dig: 5
Dig: 6
Dig: 4
Dig: 2
Dig: 2
i: 22466
Dig: 6
Dig: 6
i: 22467
Dig: 7
Dig: 6
Dig: 4
Dig: 2
Dig: 2
i: 22468
Dig: 8
Dig: 6
Dig: 4
Dig: 2
Dig: 2
i: 22469
Dig: 9
Dig: 6
Dig: 4
Dig: 2
Dig: 2
i: 22470
Dig: 0
Dig: 7
Dig: 4
Dig: 2
Dig: 2
i: 22471
Dig: 1
Dig: 7
Dig: 4
Dig: 2
Dig: 2
i: 22472
Dig: 2
Dig: 7
Dig: 4
Dig: 2
i: 22473
Dig: 3
Dig: 7
Dig: 4
Dig: 2
Dig: 2
i: 22474
Dig: 4
Dig: 7
Dig: 4
i: 22475
Dig: 5
Dig: 7
Dig: 4
Dig: 2
Dig: 2
i: 22476
Dig: 6
Dig: 7
Dig: 4
Dig: 2
Dig: 2
i: 22477
Dig: 7
Dig: 7
i: 22478
Dig: 8
Dig: 7
Dig: 4
Dig: 2
Dig: 2
i: 22479
Dig: 9
Dig: 7
Dig: 4
Dig: 2
Dig: 2
i: 22480
Dig: 0
Dig: 8
Dig: 4
Dig: 2
Dig: 2
i: 22481
Dig: 1
Dig: 8
Dig: 4
Dig: 2
Dig: 2
i: 22482
Dig: 2
Dig: 8
Dig: 4
Dig: 2
i: 22483
Dig: 3
Dig: 8
Dig: 4
Dig: 2
Dig: 2
i: 22484
Dig: 4
Dig: 8
Dig: 4
i: 22485
Dig: 5
Dig: 8
Dig: 4
Dig: 2
Dig: 2
i: 22486
Dig: 6
Dig: 8
Dig: 4
Dig: 2
Dig: 2
i: 22487
Dig: 7
Dig: 8
Dig: 4
Dig: 2
Dig: 2
i: 22488
Dig: 8
Dig: 8
i: 22489
Dig: 9
Dig: 8
Dig: 4
Dig: 2
Dig: 2
i: 22490
Dig: 0
Dig: 9
Dig: 4
Dig: 2
Dig: 2
i: 22491
Dig: 1
Dig: 9
Dig: 4
Dig: 2
Dig: 2
i: 22492
Dig: 2
Dig: 9
Dig: 4
Dig: 2
i: 22493
Dig: 3
Dig: 9
Dig: 4
Dig: 2
Dig: 2
i: 22494
Dig: 4
Dig: 9
Dig: 4
i: 22495
Dig: 5
Dig: 9
Dig: 4
Dig: 2
Dig: 2
i: 22496
Dig: 6
Dig: 9
Dig: 4
Dig: 2
Dig: 2
i: 22497
Dig: 7
Dig: 9
Dig: 4
Dig: 2
Dig: 2
i: 22498
Dig: 8
Dig: 9
Dig: 4
Dig: 2
Dig: 2
i: 22499
Dig: 9
Dig: 9
i: 22500
Dig: 0
Dig: 0
i: 22501
Dig: 1
Dig: 0
Dig: 5
Dig: 2
Dig: 2
i: 22502
Dig: 2
Dig: 0
Dig: 5
Dig: 2
i: 22503
Dig: 3
Dig: 0
Dig: 5
Dig: 2
Dig: 2
i: 22504
Dig: 4
Dig: 0
Dig: 5
Dig: 2
Dig: 2
i: 22505
Dig: 5
Dig: 0
Dig: 5
i: 22506
Dig: 6
Dig: 0
Dig: 5
Dig: 2
Dig: 2
i: 22507
Dig: 7
Dig: 0
Dig: 5
Dig: 2
Dig: 2
i: 22508
Dig: 8
Dig: 0
Dig: 5
Dig: 2
Dig: 2
i: 22509
Dig: 9
Dig: 0
Dig: 5
Dig: 2
Dig: 2
i: 22510
Dig: 0
Dig: 1
Dig: 5
Dig: 2
Dig: 2
i: 22511
Dig: 1
Dig: 1
i: 22512
Dig: 2
Dig: 1
Dig: 5
Dig: 2
i: 22513
Dig: 3
Dig: 1
Dig: 5
Dig: 2
Dig: 2
i: 22514
Dig: 4
Dig: 1
Dig: 5
Dig: 2
Dig: 2
i: 22515
Dig: 5
Dig: 1
Dig: 5
i: 22516
Dig: 6
Dig: 1
Dig: 5
Dig: 2
Dig: 2
i: 22517
Dig: 7
Dig: 1
Dig: 5
Dig: 2
Dig: 2
i: 22518
Dig: 8
Dig: 1
Dig: 5
Dig: 2
Dig: 2
i: 22519
Dig: 9
Dig: 1
Dig: 5
Dig: 2
Dig: 2
i: 22520
Dig: 0
Dig: 2
Dig: 5
Dig: 2
i: 22521
Dig: 1
Dig: 2
Dig: 5
Dig: 2
i: 22522
Dig: 2
Dig: 2
i: 22523
Dig: 3
Dig: 2
Dig: 5
Dig: 2
i: 22524
Dig: 4
Dig: 2
Dig: 5
Dig: 2
i: 22525
Dig: 5
Dig: 2
Dig: 5
i: 22526
Dig: 6
Dig: 2
Dig: 5
Dig: 2
i: 22527
Dig: 7
Dig: 2
Dig: 5
Dig: 2
i: 22528
Dig: 8
Dig: 2
Dig: 5
Dig: 2
i: 22529
Dig: 9
Dig: 2
Dig: 5
Dig: 2
i: 22530
Dig: 0
Dig: 3
Dig: 5
Dig: 2
Dig: 2
i: 22531
Dig: 1
Dig: 3
Dig: 5
Dig: 2
Dig: 2
i: 22532
Dig: 2
Dig: 3
Dig: 5
Dig: 2
i: 22533
Dig: 3
Dig: 3
i: 22534
Dig: 4
Dig: 3
Dig: 5
Dig: 2
Dig: 2
i: 22535
Dig: 5
Dig: 3
Dig: 5
i: 22536
Dig: 6
Dig: 3
Dig: 5
Dig: 2
Dig: 2
i: 22537
Dig: 7
Dig: 3
Dig: 5
Dig: 2
Dig: 2
i: 22538
Dig: 8
Dig: 3
Dig: 5
Dig: 2
Dig: 2
i: 22539
Dig: 9
Dig: 3
Dig: 5
Dig: 2
Dig: 2
i: 22540
Dig: 0
Dig: 4
Dig: 5
Dig: 2
Dig: 2
i: 22541
Dig: 1
Dig: 4
Dig: 5
Dig: 2
Dig: 2
i: 22542
Dig: 2
Dig: 4
Dig: 5
Dig: 2
i: 22543
Dig: 3
Dig: 4
Dig: 5
Dig: 2
Dig: 2
i: 22544
Dig: 4
Dig: 4
i: 22545
Dig: 5
Dig: 4
Dig: 5
i: 22546
Dig: 6
Dig: 4
Dig: 5
Dig: 2
Dig: 2
i: 22547
Dig: 7
Dig: 4
Dig: 5
Dig: 2
Dig: 2
i: 22548
Dig: 8
Dig: 4
Dig: 5
Dig: 2
Dig: 2
i: 22549
Dig: 9
Dig: 4
Dig: 5
Dig: 2
Dig: 2
i: 22550
Dig: 0
Dig: 5
Dig: 5
i: 22551
Dig: 1
Dig: 5
Dig: 5
i: 22552
Dig: 2
Dig: 5
Dig: 5
i: 22553
Dig: 3
Dig: 5
Dig: 5
i: 22554
Dig: 4
Dig: 5
Dig: 5
i: 22555
Dig: 5
Dig: 5
i: 22556
Dig: 6
Dig: 5
Dig: 5
i: 22557
Dig: 7
Dig: 5
Dig: 5
i: 22558
Dig: 8
Dig: 5
Dig: 5
i: 22559
Dig: 9
Dig: 5
Dig: 5
i: 22560
Dig: 0
Dig: 6
Dig: 5
Dig: 2
Dig: 2
i: 22561
Dig: 1
Dig: 6
Dig: 5
Dig: 2
Dig: 2
i: 22562
Dig: 2
Dig: 6
Dig: 5
Dig: 2
i: 22563
Dig: 3
Dig: 6
Dig: 5
Dig: 2
Dig: 2
i: 22564
Dig: 4
Dig: 6
Dig: 5
Dig: 2
Dig: 2
i: 22565
Dig: 5
Dig: 6
Dig: 5
i: 22566
Dig: 6
Dig: 6
i: 22567
Dig: 7
Dig: 6
Dig: 5
Dig: 2
Dig: 2
i: 22568
Dig: 8
Dig: 6
Dig: 5
Dig: 2
Dig: 2
i: 22569
Dig: 9
Dig: 6
Dig: 5
Dig: 2
Dig: 2
i: 22570
Dig: 0
Dig: 7
Dig: 5
Dig: 2
Dig: 2
i: 22571
Dig: 1
Dig: 7
Dig: 5
Dig: 2
Dig: 2
i: 22572
Dig: 2
Dig: 7
Dig: 5
Dig: 2
i: 22573
Dig: 3
Dig: 7
Dig: 5
Dig: 2
Dig: 2
i: 22574
Dig: 4
Dig: 7
Dig: 5
Dig: 2
Dig: 2
i: 22575
Dig: 5
Dig: 7
Dig: 5
i: 22576
Dig: 6
Dig: 7
Dig: 5
Dig: 2
Dig: 2
i: 22577
Dig: 7
Dig: 7
i: 22578
Dig: 8
Dig: 7
Dig: 5
Dig: 2
Dig: 2
i: 22579
Dig: 9
Dig: 7
Dig: 5
Dig: 2
Dig: 2
i: 22580
Dig: 0
Dig: 8
Dig: 5
Dig: 2
Dig: 2
i: 22581
Dig: 1
Dig: 8
Dig: 5
Dig: 2
Dig: 2
i: 22582
Dig: 2
Dig: 8
Dig: 5
Dig: 2
i: 22583
Dig: 3
Dig: 8
Dig: 5
Dig: 2
Dig: 2
i: 22584
Dig: 4
Dig: 8
Dig: 5
Dig: 2
Dig: 2
i: 22585
Dig: 5
Dig: 8
Dig: 5
i: 22586
Dig: 6
Dig: 8
Dig: 5
Dig: 2
Dig: 2
i: 22587
Dig: 7
Dig: 8
Dig: 5
Dig: 2
Dig: 2
i: 22588
Dig: 8
Dig: 8
i: 22589
Dig: 9
Dig: 8
Dig: 5
Dig: 2
Dig: 2
i: 22590
Dig: 0
Dig: 9
Dig: 5
Dig: 2
Dig: 2
i: 22591
Dig: 1
Dig: 9
Dig: 5
Dig: 2
Dig: 2
i: 22592
Dig: 2
Dig: 9
Dig: 5
Dig: 2
i: 22593
Dig: 3
Dig: 9
Dig: 5
Dig: 2
Dig: 2
i: 22594
Dig: 4
Dig: 9
Dig: 5
Dig: 2
Dig: 2
i: 22595
Dig: 5
Dig: 9
Dig: 5
i: 22596
Dig: 6
Dig: 9
Dig: 5
Dig: 2
Dig: 2
i: 22597
Dig: 7
Dig: 9
Dig: 5
Dig: 2
Dig: 2
i: 22598
Dig: 8
Dig: 9
Dig: 5
Dig: 2
Dig: 2
i: 22599
Dig: 9
Dig: 9
i: 22600
Dig: 0
Dig: 0
i: 22601
Dig: 1
Dig: 0
Dig: 6
Dig: 2
Dig: 2
i: 22602
Dig: 2
Dig: 0
Dig: 6
Dig: 2
i: 22603
Dig: 3
Dig: 0
Dig: 6
Dig: 2
Dig: 2
i: 22604
Dig: 4
Dig: 0
Dig: 6
Dig: 2
Dig: 2
i: 22605
Dig: 5
Dig: 0
Dig: 6
Dig: 2
Dig: 2
i: 22606
Dig: 6
Dig: 0
Dig: 6
i: 22607
Dig: 7
Dig: 0
Dig: 6
Dig: 2
Dig: 2
i: 22608
Dig: 8
Dig: 0
Dig: 6
Dig: 2
Dig: 2
i: 22609
Dig: 9
Dig: 0
Dig: 6
Dig: 2
Dig: 2
i: 22610
Dig: 0
Dig: 1
Dig: 6
Dig: 2
Dig: 2
i: 22611
Dig: 1
Dig: 1
i: 22612
Dig: 2
Dig: 1
Dig: 6
Dig: 2
i: 22613
Dig: 3
Dig: 1
Dig: 6
Dig: 2
Dig: 2
i: 22614
Dig: 4
Dig: 1
Dig: 6
Dig: 2
Dig: 2
i: 22615
Dig: 5
Dig: 1
Dig: 6
Dig: 2
Dig: 2
i: 22616
Dig: 6
Dig: 1
Dig: 6
i: 22617
Dig: 7
Dig: 1
Dig: 6
Dig: 2
Dig: 2
i: 22618
Dig: 8
Dig: 1
Dig: 6
Dig: 2
Dig: 2
i: 22619
Dig: 9
Dig: 1
Dig: 6
Dig: 2
Dig: 2
i: 22620
Dig: 0
Dig: 2
Dig: 6
Dig: 2
i: 22621
Dig: 1
Dig: 2
Dig: 6
Dig: 2
i: 22622
Dig: 2
Dig: 2
i: 22623
Dig: 3
Dig: 2
Dig: 6
Dig: 2
i: 22624
Dig: 4
Dig: 2
Dig: 6
Dig: 2
i: 22625
Dig: 5
Dig: 2
Dig: 6
Dig: 2
i: 22626
Dig: 6
Dig: 2
Dig: 6
i: 22627
Dig: 7
Dig: 2
Dig: 6
Dig: 2
i: 22628
Dig: 8
Dig: 2
Dig: 6
Dig: 2
i: 22629
Dig: 9
Dig: 2
Dig: 6
Dig: 2
i: 22630
Dig: 0
Dig: 3
Dig: 6
Dig: 2
Dig: 2
i: 22631
Dig: 1
Dig: 3
Dig: 6
Dig: 2
Dig: 2
i: 22632
Dig: 2
Dig: 3
Dig: 6
Dig: 2
i: 22633
Dig: 3
Dig: 3
i: 22634
Dig: 4
Dig: 3
Dig: 6
Dig: 2
Dig: 2
i: 22635
Dig: 5
Dig: 3
Dig: 6
Dig: 2
Dig: 2
i: 22636
Dig: 6
Dig: 3
Dig: 6
i: 22637
Dig: 7
Dig: 3
Dig: 6
Dig: 2
Dig: 2
i: 22638
Dig: 8
Dig: 3
Dig: 6
Dig: 2
Dig: 2
i: 22639
Dig: 9
Dig: 3
Dig: 6
Dig: 2
Dig: 2
i: 22640
Dig: 0
Dig: 4
Dig: 6
Dig: 2
Dig: 2
i: 22641
Dig: 1
Dig: 4
Dig: 6
Dig: 2
Dig: 2
i: 22642
Dig: 2
Dig: 4
Dig: 6
Dig: 2
i: 22643
Dig: 3
Dig: 4
Dig: 6
Dig: 2
Dig: 2
i: 22644
Dig: 4
Dig: 4
i: 22645
Dig: 5
Dig: 4
Dig: 6
Dig: 2
Dig: 2
i: 22646
Dig: 6
Dig: 4
Dig: 6
i: 22647
Dig: 7
Dig: 4
Dig: 6
Dig: 2
Dig: 2
i: 22648
Dig: 8
Dig: 4
Dig: 6
Dig: 2
Dig: 2
i: 22649
Dig: 9
Dig: 4
Dig: 6
Dig: 2
Dig: 2
i: 22650
Dig: 0
Dig: 5
Dig: 6
Dig: 2
Dig: 2
i: 22651
Dig: 1
Dig: 5
Dig: 6
Dig: 2
Dig: 2
i: 22652
Dig: 2
Dig: 5
Dig: 6
Dig: 2
i: 22653
Dig: 3
Dig: 5
Dig: 6
Dig: 2
Dig: 2
i: 22654
Dig: 4
Dig: 5
Dig: 6
Dig: 2
Dig: 2
i: 22655
Dig: 5
Dig: 5
i: 22656
Dig: 6
Dig: 5
Dig: 6
i: 22657
Dig: 7
Dig: 5
Dig: 6
Dig: 2
Dig: 2
i: 22658
Dig: 8
Dig: 5
Dig: 6
Dig: 2
Dig: 2
i: 22659
Dig: 9
Dig: 5
Dig: 6
Dig: 2
Dig: 2
i: 22660
Dig: 0
Dig: 6
Dig: 6
i: 22661
Dig: 1
Dig: 6
Dig: 6
i: 22662
Dig: 2
Dig: 6
Dig: 6
i: 22663
Dig: 3
Dig: 6
Dig: 6
i: 22664
Dig: 4
Dig: 6
Dig: 6
i: 22665
Dig: 5
Dig: 6
Dig: 6
i: 22666
Dig: 6
Dig: 6
i: 22667
Dig: 7
Dig: 6
Dig: 6
i: 22668
Dig: 8
Dig: 6
Dig: 6
i: 22669
Dig: 9
Dig: 6
Dig: 6
i: 22670
Dig: 0
Dig: 7
Dig: 6
Dig: 2
Dig: 2
i: 22671
Dig: 1
Dig: 7
Dig: 6
Dig: 2
Dig: 2
i: 22672
Dig: 2
Dig: 7
Dig: 6
Dig: 2
i: 22673
Dig: 3
Dig: 7
Dig: 6
Dig: 2
Dig: 2
i: 22674
Dig: 4
Dig: 7
Dig: 6
Dig: 2
Dig: 2
i: 22675
Dig: 5
Dig: 7
Dig: 6
Dig: 2
Dig: 2
i: 22676
Dig: 6
Dig: 7
Dig: 6
i: 22677
Dig: 7
Dig: 7
i: 22678
Dig: 8
Dig: 7
Dig: 6
Dig: 2
Dig: 2
i: 22679
Dig: 9
Dig: 7
Dig: 6
Dig: 2
Dig: 2
i: 22680
Dig: 0
Dig: 8
Dig: 6
Dig: 2
Dig: 2
i: 22681
Dig: 1
Dig: 8
Dig: 6
Dig: 2
Dig: 2
i: 22682
Dig: 2
Dig: 8
Dig: 6
Dig: 2
i: 22683
Dig: 3
Dig: 8
Dig: 6
Dig: 2
Dig: 2
i: 22684
Dig: 4
Dig: 8
Dig: 6
Dig: 2
Dig: 2
i: 22685
Dig: 5
Dig: 8
Dig: 6
Dig: 2
Dig: 2
i: 22686
Dig: 6
Dig: 8
Dig: 6
i: 22687
Dig: 7
Dig: 8
Dig: 6
Dig: 2
Dig: 2
i: 22688
Dig: 8
Dig: 8
i: 22689
Dig: 9
Dig: 8
Dig: 6
Dig: 2
Dig: 2
i: 22690
Dig: 0
Dig: 9
Dig: 6
Dig: 2
Dig: 2
i: 22691
Dig: 1
Dig: 9
Dig: 6
Dig: 2
Dig: 2
i: 22692
Dig: 2
Dig: 9
Dig: 6
Dig: 2
i: 22693
Dig: 3
Dig: 9
Dig: 6
Dig: 2
Dig: 2
i: 22694
Dig: 4
Dig: 9
Dig: 6
Dig: 2
Dig: 2
i: 22695
Dig: 5
Dig: 9
Dig: 6
Dig: 2
Dig: 2
i: 22696
Dig: 6
Dig: 9
Dig: 6
i: 22697
Dig: 7
Dig: 9
Dig: 6
Dig: 2
Dig: 2
i: 22698
Dig: 8
Dig: 9
Dig: 6
Dig: 2
Dig: 2
i: 22699
Dig: 9
Dig: 9
i: 22700
Dig: 0
Dig: 0
i: 22701
Dig: 1
Dig: 0
Dig: 7
Dig: 2
Dig: 2
i: 22702
Dig: 2
Dig: 0
Dig: 7
Dig: 2
i: 22703
Dig: 3
Dig: 0
Dig: 7
Dig: 2
Dig: 2
i: 22704
Dig: 4
Dig: 0
Dig: 7
Dig: 2
Dig: 2
i: 22705
Dig: 5
Dig: 0
Dig: 7
Dig: 2
Dig: 2
i: 22706
Dig: 6
Dig: 0
Dig: 7
Dig: 2
Dig: 2
i: 22707
Dig: 7
Dig: 0
Dig: 7
i: 22708
Dig: 8
Dig: 0
Dig: 7
Dig: 2
Dig: 2
i: 22709
Dig: 9
Dig: 0
Dig: 7
Dig: 2
Dig: 2
i: 22710
Dig: 0
Dig: 1
Dig: 7
Dig: 2
Dig: 2
i: 22711
Dig: 1
Dig: 1
i: 22712
Dig: 2
Dig: 1
Dig: 7
Dig: 2
i: 22713
Dig: 3
Dig: 1
Dig: 7
Dig: 2
Dig: 2
i: 22714
Dig: 4
Dig: 1
Dig: 7
Dig: 2
Dig: 2
i: 22715
Dig: 5
Dig: 1
Dig: 7
Dig: 2
Dig: 2
i: 22716
Dig: 6
Dig: 1
Dig: 7
Dig: 2
Dig: 2
i: 22717
Dig: 7
Dig: 1
Dig: 7
i: 22718
Dig: 8
Dig: 1
Dig: 7
Dig: 2
Dig: 2
i: 22719
Dig: 9
Dig: 1
Dig: 7
Dig: 2
Dig: 2
i: 22720
Dig: 0
Dig: 2
Dig: 7
Dig: 2
i: 22721
Dig: 1
Dig: 2
Dig: 7
Dig: 2
i: 22722
Dig: 2
Dig: 2
i: 22723
Dig: 3
Dig: 2
Dig: 7
Dig: 2
i: 22724
Dig: 4
Dig: 2
Dig: 7
Dig: 2
i: 22725
Dig: 5
Dig: 2
Dig: 7
Dig: 2
i: 22726
Dig: 6
Dig: 2
Dig: 7
Dig: 2
i: 22727
Dig: 7
Dig: 2
Dig: 7
i: 22728
Dig: 8
Dig: 2
Dig: 7
Dig: 2
i: 22729
Dig: 9
Dig: 2
Dig: 7
Dig: 2
i: 22730
Dig: 0
Dig: 3
Dig: 7
Dig: 2
Dig: 2
i: 22731
Dig: 1
Dig: 3
Dig: 7
Dig: 2
Dig: 2
i: 22732
Dig: 2
Dig: 3
Dig: 7
Dig: 2
i: 22733
Dig: 3
Dig: 3
i: 22734
Dig: 4
Dig: 3
Dig: 7
Dig: 2
Dig: 2
i: 22735
Dig: 5
Dig: 3
Dig: 7
Dig: 2
Dig: 2
i: 22736
Dig: 6
Dig: 3
Dig: 7
Dig: 2
Dig: 2
i: 22737
Dig: 7
Dig: 3
Dig: 7
i: 22738
Dig: 8
Dig: 3
Dig: 7
Dig: 2
Dig: 2
i: 22739
Dig: 9
Dig: 3
Dig: 7
Dig: 2
Dig: 2
i: 22740
Dig: 0
Dig: 4
Dig: 7
Dig: 2
Dig: 2
i: 22741
Dig: 1
Dig: 4
Dig: 7
Dig: 2
Dig: 2
i: 22742
Dig: 2
Dig: 4
Dig: 7
Dig: 2
i: 22743
Dig: 3
Dig: 4
Dig: 7
Dig: 2
Dig: 2
i: 22744
Dig: 4
Dig: 4
i: 22745
Dig: 5
Dig: 4
Dig: 7
Dig: 2
Dig: 2
i: 22746
Dig: 6
Dig: 4
Dig: 7
Dig: 2
Dig: 2
i: 22747
Dig: 7
Dig: 4
Dig: 7
i: 22748
Dig: 8
Dig: 4
Dig: 7
Dig: 2
Dig: 2
i: 22749
Dig: 9
Dig: 4
Dig: 7
Dig: 2
Dig: 2
i: 22750
Dig: 0
Dig: 5
Dig: 7
Dig: 2
Dig: 2
i: 22751
Dig: 1
Dig: 5
Dig: 7
Dig: 2
Dig: 2
i: 22752
Dig: 2
Dig: 5
Dig: 7
Dig: 2
i: 22753
Dig: 3
Dig: 5
Dig: 7
Dig: 2
Dig: 2
i: 22754
Dig: 4
Dig: 5
Dig: 7
Dig: 2
Dig: 2
i: 22755
Dig: 5
Dig: 5
i: 22756
Dig: 6
Dig: 5
Dig: 7
Dig: 2
Dig: 2
i: 22757
Dig: 7
Dig: 5
Dig: 7
i: 22758
Dig: 8
Dig: 5
Dig: 7
Dig: 2
Dig: 2
i: 22759
Dig: 9
Dig: 5
Dig: 7
Dig: 2
Dig: 2
i: 22760
Dig: 0
Dig: 6
Dig: 7
Dig: 2
Dig: 2
i: 22761
Dig: 1
Dig: 6
Dig: 7
Dig: 2
Dig: 2
i: 22762
Dig: 2
Dig: 6
Dig: 7
Dig: 2
i: 22763
Dig: 3
Dig: 6
Dig: 7
Dig: 2
Dig: 2
i: 22764
Dig: 4
Dig: 6
Dig: 7
Dig: 2
Dig: 2
i: 22765
Dig: 5
Dig: 6
Dig: 7
Dig: 2
Dig: 2
i: 22766
Dig: 6
Dig: 6
i: 22767
Dig: 7
Dig: 6
Dig: 7
i: 22768
Dig: 8
Dig: 6
Dig: 7
Dig: 2
Dig: 2
i: 22769
Dig: 9
Dig: 6
Dig: 7
Dig: 2
Dig: 2
i: 22770
Dig: 0
Dig: 7
Dig: 7
i: 22771
Dig: 1
Dig: 7
Dig: 7
i: 22772
Dig: 2
Dig: 7
Dig: 7
i: 22773
Dig: 3
Dig: 7
Dig: 7
i: 22774
Dig: 4
Dig: 7
Dig: 7
i: 22775
Dig: 5
Dig: 7
Dig: 7
i: 22776
Dig: 6
Dig: 7
Dig: 7
i: 22777
Dig: 7
Dig: 7
i: 22778
Dig: 8
Dig: 7
Dig: 7
i: 22779
Dig: 9
Dig: 7
Dig: 7
i: 22780
Dig: 0
Dig: 8
Dig: 7
Dig: 2
Dig: 2
i: 22781
Dig: 1
Dig: 8
Dig: 7
Dig: 2
Dig: 2
i: 22782
Dig: 2
Dig: 8
Dig: 7
Dig: 2
i: 22783
Dig: 3
Dig: 8
Dig: 7
Dig: 2
Dig: 2
i: 22784
Dig: 4
Dig: 8
Dig: 7
Dig: 2
Dig: 2
i: 22785
Dig: 5
Dig: 8
Dig: 7
Dig: 2
Dig: 2
i: 22786
Dig: 6
Dig: 8
Dig: 7
Dig: 2
Dig: 2
i: 22787
Dig: 7
Dig: 8
Dig: 7
i: 22788
Dig: 8
Dig: 8
i: 22789
Dig: 9
Dig: 8
Dig: 7
Dig: 2
Dig: 2
i: 22790
Dig: 0
Dig: 9
Dig: 7
Dig: 2
Dig: 2
i: 22791
Dig: 1
Dig: 9
Dig: 7
Dig: 2
Dig: 2
i: 22792
Dig: 2
Dig: 9
Dig: 7
Dig: 2
i: 22793
Dig: 3
Dig: 9
Dig: 7
Dig: 2
Dig: 2
i: 22794
Dig: 4
Dig: 9
Dig: 7
Dig: 2
Dig: 2
i: 22795
Dig: 5
Dig: 9
Dig: 7
Dig: 2
Dig: 2
i: 22796
Dig: 6
Dig: 9
Dig: 7
Dig: 2
Dig: 2
i: 22797
Dig: 7
Dig: 9
Dig: 7
i: 22798
Dig: 8
Dig: 9
Dig: 7
Dig: 2
Dig: 2
i: 22799
Dig: 9
Dig: 9
i: 22800
Dig: 0
Dig: 0
i: 22801
Dig: 1
Dig: 0
Dig: 8
Dig: 2
Dig: 2
i: 22802
Dig: 2
Dig: 0
Dig: 8
Dig: 2
i: 22803
Dig: 3
Dig: 0
Dig: 8
Dig: 2
Dig: 2
i: 22804
Dig: 4
Dig: 0
Dig: 8
Dig: 2
Dig: 2
i: 22805
Dig: 5
Dig: 0
Dig: 8
Dig: 2
Dig: 2
i: 22806
Dig: 6
Dig: 0
Dig: 8
Dig: 2
Dig: 2
i: 22807
Dig: 7
Dig: 0
Dig: 8
Dig: 2
Dig: 2
i: 22808
Dig: 8
Dig: 0
Dig: 8
i: 22809
Dig: 9
Dig: 0
Dig: 8
Dig: 2
Dig: 2
i: 22810
Dig: 0
Dig: 1
Dig: 8
Dig: 2
Dig: 2
i: 22811
Dig: 1
Dig: 1
i: 22812
Dig: 2
Dig: 1
Dig: 8
Dig: 2
i: 22813
Dig: 3
Dig: 1
Dig: 8
Dig: 2
Dig: 2
i: 22814
Dig: 4
Dig: 1
Dig: 8
Dig: 2
Dig: 2
i: 22815
Dig: 5
Dig: 1
Dig: 8
Dig: 2
Dig: 2
i: 22816
Dig: 6
Dig: 1
Dig: 8
Dig: 2
Dig: 2
i: 22817
Dig: 7
Dig: 1
Dig: 8
Dig: 2
Dig: 2
i: 22818
Dig: 8
Dig: 1
Dig: 8
i: 22819
Dig: 9
Dig: 1
Dig: 8
Dig: 2
Dig: 2
i: 22820
Dig: 0
Dig: 2
Dig: 8
Dig: 2
i: 22821
Dig: 1
Dig: 2
Dig: 8
Dig: 2
i: 22822
Dig: 2
Dig: 2
i: 22823
Dig: 3
Dig: 2
Dig: 8
Dig: 2
i: 22824
Dig: 4
Dig: 2
Dig: 8
Dig: 2
i: 22825
Dig: 5
Dig: 2
Dig: 8
Dig: 2
i: 22826
Dig: 6
Dig: 2
Dig: 8
Dig: 2
i: 22827
Dig: 7
Dig: 2
Dig: 8
Dig: 2
i: 22828
Dig: 8
Dig: 2
Dig: 8
i: 22829
Dig: 9
Dig: 2
Dig: 8
Dig: 2
i: 22830
Dig: 0
Dig: 3
Dig: 8
Dig: 2
Dig: 2
i: 22831
Dig: 1
Dig: 3
Dig: 8
Dig: 2
Dig: 2
i: 22832
Dig: 2
Dig: 3
Dig: 8
Dig: 2
i: 22833
Dig: 3
Dig: 3
i: 22834
Dig: 4
Dig: 3
Dig: 8
Dig: 2
Dig: 2
i: 22835
Dig: 5
Dig: 3
Dig: 8
Dig: 2
Dig: 2
i: 22836
Dig: 6
Dig: 3
Dig: 8
Dig: 2
Dig: 2
i: 22837
Dig: 7
Dig: 3
Dig: 8
Dig: 2
Dig: 2
i: 22838
Dig: 8
Dig: 3
Dig: 8
i: 22839
Dig: 9
Dig: 3
Dig: 8
Dig: 2
Dig: 2
i: 22840
Dig: 0
Dig: 4
Dig: 8
Dig: 2
Dig: 2
i: 22841
Dig: 1
Dig: 4
Dig: 8
Dig: 2
Dig: 2
i: 22842
Dig: 2
Dig: 4
Dig: 8
Dig: 2
i: 22843
Dig: 3
Dig: 4
Dig: 8
Dig: 2
Dig: 2
i: 22844
Dig: 4
Dig: 4
i: 22845
Dig: 5
Dig: 4
Dig: 8
Dig: 2
Dig: 2
i: 22846
Dig: 6
Dig: 4
Dig: 8
Dig: 2
Dig: 2
i: 22847
Dig: 7
Dig: 4
Dig: 8
Dig: 2
Dig: 2
i: 22848
Dig: 8
Dig: 4
Dig: 8
i: 22849
Dig: 9
Dig: 4
Dig: 8
Dig: 2
Dig: 2
i: 22850
Dig: 0
Dig: 5
Dig: 8
Dig: 2
Dig: 2
i: 22851
Dig: 1
Dig: 5
Dig: 8
Dig: 2
Dig: 2
i: 22852
Dig: 2
Dig: 5
Dig: 8
Dig: 2
i: 22853
Dig: 3
Dig: 5
Dig: 8
Dig: 2
Dig: 2
i: 22854
Dig: 4
Dig: 5
Dig: 8
Dig: 2
Dig: 2
i: 22855
Dig: 5
Dig: 5
i: 22856
Dig: 6
Dig: 5
Dig: 8
Dig: 2
Dig: 2
i: 22857
Dig: 7
Dig: 5
Dig: 8
Dig: 2
Dig: 2
i: 22858
Dig: 8
Dig: 5
Dig: 8
i: 22859
Dig: 9
Dig: 5
Dig: 8
Dig: 2
Dig: 2
i: 22860
Dig: 0
Dig: 6
Dig: 8
Dig: 2
Dig: 2
i: 22861
Dig: 1
Dig: 6
Dig: 8
Dig: 2
Dig: 2
i: 22862
Dig: 2
Dig: 6
Dig: 8
Dig: 2
i: 22863
Dig: 3
Dig: 6
Dig: 8
Dig: 2
Dig: 2
i: 22864
Dig: 4
Dig: 6
Dig: 8
Dig: 2
Dig: 2
i: 22865
Dig: 5
Dig: 6
Dig: 8
Dig: 2
Dig: 2
i: 22866
Dig: 6
Dig: 6
i: 22867
Dig: 7
Dig: 6
Dig: 8
Dig: 2
Dig: 2
i: 22868
Dig: 8
Dig: 6
Dig: 8
i: 22869
Dig: 9
Dig: 6
Dig: 8
Dig: 2
Dig: 2
i: 22870
Dig: 0
Dig: 7
Dig: 8
Dig: 2
Dig: 2
i: 22871
Dig: 1
Dig: 7
Dig: 8
Dig: 2
Dig: 2
i: 22872
Dig: 2
Dig: 7
Dig: 8
Dig: 2
i: 22873
Dig: 3
Dig: 7
Dig: 8
Dig: 2
Dig: 2
i: 22874
Dig: 4
Dig: 7
Dig: 8
Dig: 2
Dig: 2
i: 22875
Dig: 5
Dig: 7
Dig: 8
Dig: 2
Dig: 2
i: 22876
Dig: 6
Dig: 7
Dig: 8
Dig: 2
Dig: 2
i: 22877
Dig: 7
Dig: 7
i: 22878
Dig: 8
Dig: 7
Dig: 8
i: 22879
Dig: 9
Dig: 7
Dig: 8
Dig: 2
Dig: 2
i: 22880
Dig: 0
Dig: 8
Dig: 8
i: 22881
Dig: 1
Dig: 8
Dig: 8
i: 22882
Dig: 2
Dig: 8
Dig: 8
i: 22883
Dig: 3
Dig: 8
Dig: 8
i: 22884
Dig: 4
Dig: 8
Dig: 8
i: 22885
Dig: 5
Dig: 8
Dig: 8
i: 22886
Dig: 6
Dig: 8
Dig: 8
i: 22887
Dig: 7
Dig: 8
Dig: 8
i: 22888
Dig: 8
Dig: 8
i: 22889
Dig: 9
Dig: 8
Dig: 8
i: 22890
Dig: 0
Dig: 9
Dig: 8
Dig: 2
Dig: 2
i: 22891
Dig: 1
Dig: 9
Dig: 8
Dig: 2
Dig: 2
i: 22892
Dig: 2
Dig: 9
Dig: 8
Dig: 2
i: 22893
Dig: 3
Dig: 9
Dig: 8
Dig: 2
Dig: 2
i: 22894
Dig: 4
Dig: 9
Dig: 8
Dig: 2
Dig: 2
i: 22895
Dig: 5
Dig: 9
Dig: 8
Dig: 2
Dig: 2
i: 22896
Dig: 6
Dig: 9
Dig: 8
Dig: 2
Dig: 2
i: 22897
Dig: 7
Dig: 9
Dig: 8
Dig: 2
Dig: 2
i: 22898
Dig: 8
Dig: 9
Dig: 8
i: 22899
Dig: 9
Dig: 9
i: 22900
Dig: 0
Dig: 0
i: 22901
Dig: 1
Dig: 0
Dig: 9
Dig: 2
Dig: 2
i: 22902
Dig: 2
Dig: 0
Dig: 9
Dig: 2
i: 22903
Dig: 3
Dig: 0
Dig: 9
Dig: 2
Dig: 2
i: 22904
Dig: 4
Dig: 0
Dig: 9
Dig: 2
Dig: 2
i: 22905
Dig: 5
Dig: 0
Dig: 9
Dig: 2
Dig: 2
i: 22906
Dig: 6
Dig: 0
Dig: 9
Dig: 2
Dig: 2
i: 22907
Dig: 7
Dig: 0
Dig: 9
Dig: 2
Dig: 2
i: 22908
Dig: 8
Dig: 0
Dig: 9
Dig: 2
Dig: 2
i: 22909
Dig: 9
Dig: 0
Dig: 9
i: 22910
Dig: 0
Dig: 1
Dig: 9
Dig: 2
Dig: 2
i: 22911
Dig: 1
Dig: 1
i: 22912
Dig: 2
Dig: 1
Dig: 9
Dig: 2
i: 22913
Dig: 3
Dig: 1
Dig: 9
Dig: 2
Dig: 2
i: 22914
Dig: 4
Dig: 1
Dig: 9
Dig: 2
Dig: 2
i: 22915
Dig: 5
Dig: 1
Dig: 9
Dig: 2
Dig: 2
i: 22916
Dig: 6
Dig: 1
Dig: 9
Dig: 2
Dig: 2
i: 22917
Dig: 7
Dig: 1
Dig: 9
Dig: 2
Dig: 2
i: 22918
Dig: 8
Dig: 1
Dig: 9
Dig: 2
Dig: 2
i: 22919
Dig: 9
Dig: 1
Dig: 9
i: 22920
Dig: 0
Dig: 2
Dig: 9
Dig: 2
i: 22921
Dig: 1
Dig: 2
Dig: 9
Dig: 2
i: 22922
Dig: 2
Dig: 2
i: 22923
Dig: 3
Dig: 2
Dig: 9
Dig: 2
i: 22924
Dig: 4
Dig: 2
Dig: 9
Dig: 2
i: 22925
Dig: 5
Dig: 2
Dig: 9
Dig: 2
i: 22926
Dig: 6
Dig: 2
Dig: 9
Dig: 2
i: 22927
Dig: 7
Dig: 2
Dig: 9
Dig: 2
i: 22928
Dig: 8
Dig: 2
Dig: 9
Dig: 2
i: 22929
Dig: 9
Dig: 2
Dig: 9
i: 22930
Dig: 0
Dig: 3
Dig: 9
Dig: 2
Dig: 2
i: 22931
Dig: 1
Dig: 3
Dig: 9
Dig: 2
Dig: 2
i: 22932
Dig: 2
Dig: 3
Dig: 9
Dig: 2
i: 22933
Dig: 3
Dig: 3
i: 22934
Dig: 4
Dig: 3
Dig: 9
Dig: 2
Dig: 2
i: 22935
Dig: 5
Dig: 3
Dig: 9
Dig: 2
Dig: 2
i: 22936
Dig: 6
Dig: 3
Dig: 9
Dig: 2
Dig: 2
i: 22937
Dig: 7
Dig: 3
Dig: 9
Dig: 2
Dig: 2
i: 22938
Dig: 8
Dig: 3
Dig: 9
Dig: 2
Dig: 2
i: 22939
Dig: 9
Dig: 3
Dig: 9
i: 22940
Dig: 0
Dig: 4
Dig: 9
Dig: 2
Dig: 2
i: 22941
Dig: 1
Dig: 4
Dig: 9
Dig: 2
Dig: 2
i: 22942
Dig: 2
Dig: 4
Dig: 9
Dig: 2
i: 22943
Dig: 3
Dig: 4
Dig: 9
Dig: 2
Dig: 2
i: 22944
Dig: 4
Dig: 4
i: 22945
Dig: 5
Dig: 4
Dig: 9
Dig: 2
Dig: 2
i: 22946
Dig: 6
Dig: 4
Dig: 9
Dig: 2
Dig: 2
i: 22947
Dig: 7
Dig: 4
Dig: 9
Dig: 2
Dig: 2
i: 22948
Dig: 8
Dig: 4
Dig: 9
Dig: 2
Dig: 2
i: 22949
Dig: 9
Dig: 4
Dig: 9
i: 22950
Dig: 0
Dig: 5
Dig: 9
Dig: 2
Dig: 2
i: 22951
Dig: 1
Dig: 5
Dig: 9
Dig: 2
Dig: 2
i: 22952
Dig: 2
Dig: 5
Dig: 9
Dig: 2
i: 22953
Dig: 3
Dig: 5
Dig: 9
Dig: 2
Dig: 2
i: 22954
Dig: 4
Dig: 5
Dig: 9
Dig: 2
Dig: 2
i: 22955
Dig: 5
Dig: 5
i: 22956
Dig: 6
Dig: 5
Dig: 9
Dig: 2
Dig: 2
i: 22957
Dig: 7
Dig: 5
Dig: 9
Dig: 2
Dig: 2
i: 22958
Dig: 8
Dig: 5
Dig: 9
Dig: 2
Dig: 2
i: 22959
Dig: 9
Dig: 5
Dig: 9
i: 22960
Dig: 0
Dig: 6
Dig: 9
Dig: 2
Dig: 2
i: 22961
Dig: 1
Dig: 6
Dig: 9
Dig: 2
Dig: 2
i: 22962
Dig: 2
Dig: 6
Dig: 9
Dig: 2
i: 22963
Dig: 3
Dig: 6
Dig: 9
Dig: 2
Dig: 2
i: 22964
Dig: 4
Dig: 6
Dig: 9
Dig: 2
Dig: 2
i: 22965
Dig: 5
Dig: 6
Dig: 9
Dig: 2
Dig: 2
i: 22966
Dig: 6
Dig: 6
i: 22967
Dig: 7
Dig: 6
Dig: 9
Dig: 2
Dig: 2
i: 22968
Dig: 8
Dig: 6
Dig: 9
Dig: 2
Dig: 2
i: 22969
Dig: 9
Dig: 6
Dig: 9
i: 22970
Dig: 0
Dig: 7
Dig: 9
Dig: 2
Dig: 2
i: 22971
Dig: 1
Dig: 7
Dig: 9
Dig: 2
Dig: 2
i: 22972
Dig: 2
Dig: 7
Dig: 9
Dig: 2
i: 22973
Dig: 3
Dig: 7
Dig: 9
Dig: 2
Dig: 2
i: 22974
Dig: 4
Dig: 7
Dig: 9
Dig: 2
Dig: 2
i: 22975
Dig: 5
Dig: 7
Dig: 9
Dig: 2
Dig: 2
i: 22976
Dig: 6
Dig: 7
Dig: 9
Dig: 2
Dig: 2
i: 22977
Dig: 7
Dig: 7
i: 22978
Dig: 8
Dig: 7
Dig: 9
Dig: 2
Dig: 2
i: 22979
Dig: 9
Dig: 7
Dig: 9
i: 22980
Dig: 0
Dig: 8
Dig: 9
Dig: 2
Dig: 2
i: 22981
Dig: 1
Dig: 8
Dig: 9
Dig: 2
Dig: 2
i: 22982
Dig: 2
Dig: 8
Dig: 9
Dig: 2
i: 22983
Dig: 3
Dig: 8
Dig: 9
Dig: 2
Dig: 2
i: 22984
Dig: 4
Dig: 8
Dig: 9
Dig: 2
Dig: 2
i: 22985
Dig: 5
Dig: 8
Dig: 9
Dig: 2
Dig: 2
i: 22986
Dig: 6
Dig: 8
Dig: 9
Dig: 2
Dig: 2
i: 22987
Dig: 7
Dig: 8
Dig: 9
Dig: 2
Dig: 2
i: 22988
Dig: 8
Dig: 8
i: 22989
Dig: 9
Dig: 8
Dig: 9
i: 22990
Dig: 0
Dig: 9
Dig: 9
i: 22991
Dig: 1
Dig: 9
Dig: 9
i: 22992
Dig: 2
Dig: 9
Dig: 9
i: 22993
Dig: 3
Dig: 9
Dig: 9
i: 22994
Dig: 4
Dig: 9
Dig: 9
i: 22995
Dig: 5
Dig: 9
Dig: 9
i: 22996
Dig: 6
Dig: 9
Dig: 9
i: 22997
Dig: 7
Dig: 9
Dig: 9
i: 22998
Dig: 8
Dig: 9
Dig: 9
i: 22999
Dig: 9
Dig: 9
i: 23000
Dig: 0
Dig: 0
i: 23001
Dig: 1
Dig: 0
Dig: 0
i: 23002
Dig: 2
Dig: 0
Dig: 0
i: 23003
Dig: 3
Dig: 0
Dig: 0
i: 23004
Dig: 4
Dig: 0
Dig: 0
i: 23005
Dig: 5
Dig: 0
Dig: 0
i: 23006
Dig: 6
Dig: 0
Dig: 0
i: 23007
Dig: 7
Dig: 0
Dig: 0
i: 23008
Dig: 8
Dig: 0
Dig: 0
i: 23009
Dig: 9
Dig: 0
Dig: 0
i: 23010
Dig: 0
Dig: 1
Dig: 0
i: 23011
Dig: 1
Dig: 1
i: 23012
Dig: 2
Dig: 1
Dig: 0
Dig: 3
Dig: 2
i: 23013
Dig: 3
Dig: 1
Dig: 0
Dig: 3
i: 23014
Dig: 4
Dig: 1
Dig: 0
Dig: 3
Dig: 2
23014
